TN:
SF:D:\Chandreshwar\tutorials\react\webapp\scenariomanager\src\App.tsx
FN:8,App
FNF:1
FNH:1
FNDA:1,App
DA:1,1
DA:2,1
DA:3,1
DA:5,1
DA:6,1
DA:9,1
DA:23,1
LF:7
LH:7
BRF:0
BRH:0
end_of_record
TN:
SF:D:\Chandreshwar\tutorials\react\webapp\scenariomanager\src\common\config.ts
FNF:0
FNH:0
DA:1,1
LF:1
LH:1
BRF:0
BRH:0
end_of_record
TN:
SF:D:\Chandreshwar\tutorials\react\webapp\scenariomanager\src\common\types.ts
FNF:0
FNH:0
DA:1,1
LF:1
LH:1
BRF:0
BRH:0
end_of_record
TN:
SF:D:\Chandreshwar\tutorials\react\webapp\scenariomanager\src\components\ScenarioManager.tsx
FN:37,(anonymous_1)
FN:49,(anonymous_2)
FNF:2
FNH:2
FNDA:1,(anonymous_1)
FNDA:1,(anonymous_2)
DA:1,1
DA:12,1
DA:13,1
DA:14,1
DA:16,1
DA:18,1
DA:37,1
DA:38,1
DA:49,1
DA:50,1
DA:51,1
LF:11
LH:11
BRF:0
BRH:0
end_of_record
TN:
SF:D:\Chandreshwar\tutorials\react\webapp\scenariomanager\src\components\UnderConstruction.tsx
FN:9,(anonymous_1)
FN:27,ScenarioDetails
FNF:2
FNH:2
FNDA:1,(anonymous_1)
FNDA:3,ScenarioDetails
DA:1,2
DA:2,2
DA:3,2
DA:4,2
DA:5,2
DA:6,2
DA:7,2
DA:9,2
DA:27,2
DA:28,3
DA:29,3
LF:11
LH:11
BRF:0
BRH:0
end_of_record
TN:
SF:D:\Chandreshwar\tutorials\react\webapp\scenariomanager\src\components\common\ErrorDetails.tsx
FN:4,(anonymous_1)
FNF:1
FNH:0
FNDA:0,(anonymous_1)
DA:1,1
DA:2,1
DA:4,1
DA:5,0
LF:4
LH:3
BRF:0
BRH:0
end_of_record
TN:
SF:D:\Chandreshwar\tutorials\react\webapp\scenariomanager\src\components\common\MoreButton.tsx
FN:5,(anonymous_1)
FN:20,OutlinedButtons
FNF:2
FNH:2
FNDA:1,(anonymous_1)
FNDA:1,OutlinedButtons
DA:1,2
DA:2,2
DA:3,2
DA:4,2
DA:5,2
DA:6,1
DA:20,2
DA:21,1
DA:22,1
LF:9
LH:9
BRF:0
BRH:0
end_of_record
TN:
SF:D:\Chandreshwar\tutorials\react\webapp\scenariomanager\src\components\common\NoRecords.tsx
FN:4,(anonymous_1)
FNF:1
FNH:0
FNDA:0,(anonymous_1)
DA:1,1
DA:2,1
DA:4,1
DA:5,0
LF:4
LH:3
BRF:0
BRH:0
end_of_record
TN:
SF:D:\Chandreshwar\tutorials\react\webapp\scenariomanager\src\components\common\ScenarioUtil.tsx
FN:23,(anonymous_3)
FN:24,(anonymous_4)
FN:25,(anonymous_5)
FN:26,(anonymous_6)
FN:27,(anonymous_7)
FN:28,(anonymous_8)
FN:29,(anonymous_9)
FN:30,(anonymous_10)
FN:31,(anonymous_11)
FN:32,(anonymous_12)
FN:33,(anonymous_13)
FN:34,(anonymous_14)
FN:35,(anonymous_15)
FN:36,(anonymous_16)
FN:37,(anonymous_17)
FN:40,(anonymous_18)
FN:41,(anonymous_19)
FN:44,(anonymous_20)
FN:95,(anonymous_21)
FN:108,(anonymous_22)
FN:119,(anonymous_23)
FN:139,(anonymous_24)
FN:143,(anonymous_25)
FN:157,(anonymous_26)
FN:169,(anonymous_27)
FNF:25
FNH:1
FNDA:0,(anonymous_3)
FNDA:0,(anonymous_4)
FNDA:0,(anonymous_5)
FNDA:0,(anonymous_6)
FNDA:0,(anonymous_7)
FNDA:0,(anonymous_8)
FNDA:0,(anonymous_9)
FNDA:0,(anonymous_10)
FNDA:0,(anonymous_11)
FNDA:0,(anonymous_12)
FNDA:0,(anonymous_13)
FNDA:0,(anonymous_14)
FNDA:0,(anonymous_15)
FNDA:0,(anonymous_16)
FNDA:0,(anonymous_17)
FNDA:0,(anonymous_18)
FNDA:0,(anonymous_19)
FNDA:0,(anonymous_20)
FNDA:10,(anonymous_21)
FNDA:0,(anonymous_22)
FNDA:0,(anonymous_23)
FNDA:0,(anonymous_24)
FNDA:0,(anonymous_25)
FNDA:0,(anonymous_26)
FNDA:0,(anonymous_27)
DA:1,1
DA:2,1
DA:3,1
DA:4,1
DA:5,1
DA:6,1
DA:7,1
DA:8,1
DA:9,1
DA:10,1
DA:11,1
DA:12,1
DA:13,1
DA:14,1
DA:15,1
DA:16,1
DA:17,1
DA:18,1
DA:19,1
DA:20,1
DA:22,1
DA:23,0
DA:24,0
DA:25,0
DA:26,0
DA:27,0
DA:28,0
DA:29,0
DA:30,0
DA:31,0
DA:32,0
DA:33,0
DA:34,0
DA:35,0
DA:36,0
DA:37,0
DA:40,0
DA:41,0
DA:44,1
DA:45,0
DA:95,1
DA:102,10
DA:113,0
DA:119,0
DA:127,1
DA:142,0
DA:143,0
DA:160,0
DA:169,0
LF:49
LH:25
BRDA:49,0,0,0
BRDA:49,0,1,0
BRDA:47,1,0,0
BRDA:47,1,1,0
BRDA:65,2,0,0
BRDA:65,2,1,0
BRDA:75,3,0,0
BRDA:75,3,1,0
BRF:8
BRH:0
end_of_record
TN:
SF:D:\Chandreshwar\tutorials\react\webapp\scenariomanager\src\components\common\SortableTable.tsx
FN:13,(anonymous_2)
FN:33,(anonymous_3)
FN:41,(anonymous_4)
FN:43,(anonymous_5)
FN:58,(anonymous_6)
FN:60,(anonymous_7)
FN:61,(anonymous_8)
FN:76,(anonymous_9)
FNF:8
FNH:7
FNDA:1,(anonymous_2)
FNDA:3,(anonymous_3)
FNDA:1,(anonymous_4)
FNDA:10,(anonymous_5)
FNDA:1,(anonymous_6)
FNDA:1,(anonymous_7)
FNDA:0,(anonymous_8)
FNDA:1,(anonymous_9)
DA:1,1
DA:2,1
DA:3,1
DA:4,1
DA:5,1
DA:6,1
DA:7,1
DA:8,1
DA:9,1
DA:10,1
DA:11,1
DA:13,1
DA:14,1
DA:33,1
DA:34,3
DA:35,3
DA:36,3
DA:37,3
DA:38,3
DA:39,3
DA:41,3
DA:42,1
DA:43,1
DA:44,10
DA:55,1
DA:58,3
DA:59,1
DA:60,1
DA:62,0
DA:63,0
DA:64,0
DA:66,0
DA:70,0
DA:73,0
DA:76,1
DA:79,3
LF:36
LH:30
BRDA:63,0,0,0
BRDA:63,0,1,0
BRDA:63,1,0,0
BRDA:63,1,1,0
BRDA:82,2,0,2
BRDA:82,2,1,1
BRDA:84,3,0,0
BRDA:84,3,1,1
BRDA:83,4,0,1
BRDA:83,4,1,1
BRDA:85,5,0,1
BRDA:85,5,1,0
BRDA:87,6,0,0
BRDA:87,6,1,0
BRDA:86,7,0,0
BRDA:86,7,1,0
BRF:16
BRH:6
end_of_record
TN:
SF:D:\Chandreshwar\tutorials\react\webapp\scenariomanager\src\components\common\Spinner.tsx
FN:6,(anonymous_2)
FNF:1
FNH:1
FNDA:2,(anonymous_2)
DA:1,1
DA:2,1
DA:3,1
DA:4,1
DA:6,1
DA:7,2
LF:6
LH:6
BRF:0
BRH:0
end_of_record
TN:
SF:D:\Chandreshwar\tutorials\react\webapp\scenariomanager\src\themes\Palette.tsx
FNF:0
FNH:0
DA:1,3
LF:1
LH:1
BRF:0
BRH:0
end_of_record
