TN:
SF:F:\xampp\htdocs\ReactProjects\infogain\JDA\scenario-webapp\scenariowebapp\src\App.tsx
FN:7,App
FNF:1
FNH:1
FNDA:1,App
DA:1,1
DA:2,1
DA:3,1
DA:4,1
DA:5,1
DA:8,1
DA:22,1
LF:7
LH:7
BRF:0
BRH:0
end_of_record
TN:
SF:F:\xampp\htdocs\ReactProjects\infogain\JDA\scenario-webapp\scenariowebapp\src\common\config.ts
FNF:0
FNH:0
DA:1,1
LF:1
LH:1
BRF:0
BRH:0
end_of_record
TN:
SF:F:\xampp\htdocs\ReactProjects\infogain\JDA\scenario-webapp\scenariowebapp\src\common\types.ts
FNF:0
FNH:0
DA:1,1
LF:1
LH:1
BRF:0
BRH:0
end_of_record
TN:
SF:F:\xampp\htdocs\ReactProjects\infogain\JDA\scenario-webapp\scenariowebapp\src\components\ScenarioManager.tsx
FN:34,(anonymous_1)
FN:45,(anonymous_2)
FNF:2
FNH:2
FNDA:1,(anonymous_1)
FNDA:1,(anonymous_2)
DA:1,1
DA:12,1
DA:13,1
DA:14,1
DA:17,1
DA:34,1
DA:35,1
DA:45,1
DA:46,1
DA:47,1
LF:10
LH:10
BRF:0
BRH:0
end_of_record
TN:
SF:F:\xampp\htdocs\ReactProjects\infogain\JDA\scenario-webapp\scenariowebapp\src\components\UnderConstruction.tsx
FN:7,(anonymous_1)
FN:19,ScenarioDetails
FNF:2
FNH:2
FNDA:1,(anonymous_1)
FNDA:3,ScenarioDetails
DA:1,2
DA:2,2
DA:3,2
DA:4,2
DA:5,2
DA:7,2
DA:19,2
DA:20,3
DA:21,3
LF:9
LH:9
BRF:0
BRH:0
end_of_record
TN:
SF:F:\xampp\htdocs\ReactProjects\infogain\JDA\scenario-webapp\scenariowebapp\src\components\common\MoreButton.tsx
FN:3,(anonymous_1)
FN:17,OutlinedButtons
FNF:2
FNH:2
FNDA:1,(anonymous_1)
FNDA:1,OutlinedButtons
DA:1,2
DA:2,2
DA:3,2
DA:4,1
DA:17,2
DA:18,1
DA:19,1
LF:7
LH:7
BRF:0
BRH:0
end_of_record
TN:
SF:F:\xampp\htdocs\ReactProjects\infogain\JDA\scenario-webapp\scenariowebapp\src\components\common\ScenarioUtil.tsx
FN:23,(anonymous_3)
FN:24,(anonymous_4)
FN:25,(anonymous_5)
FN:26,(anonymous_6)
FN:27,(anonymous_7)
FN:28,(anonymous_8)
FN:29,(anonymous_9)
FN:30,(anonymous_10)
FN:31,(anonymous_11)
FN:32,(anonymous_12)
FN:33,(anonymous_13)
FN:34,(anonymous_14)
FN:35,(anonymous_15)
FN:36,(anonymous_16)
FN:37,(anonymous_17)
FN:40,(anonymous_18)
FN:41,(anonymous_19)
FN:44,(anonymous_20)
FN:95,(anonymous_21)
FN:108,(anonymous_22)
FN:119,(anonymous_23)
FNF:21
FNH:2
FNDA:0,(anonymous_3)
FNDA:0,(anonymous_4)
FNDA:0,(anonymous_5)
FNDA:0,(anonymous_6)
FNDA:0,(anonymous_7)
FNDA:0,(anonymous_8)
FNDA:0,(anonymous_9)
FNDA:0,(anonymous_10)
FNDA:0,(anonymous_11)
FNDA:0,(anonymous_12)
FNDA:0,(anonymous_13)
FNDA:0,(anonymous_14)
FNDA:0,(anonymous_15)
FNDA:0,(anonymous_16)
FNDA:18,(anonymous_17)
FNDA:0,(anonymous_18)
FNDA:0,(anonymous_19)
FNDA:0,(anonymous_20)
FNDA:10,(anonymous_21)
FNDA:0,(anonymous_22)
FNDA:0,(anonymous_23)
DA:1,1
DA:2,1
DA:3,1
DA:4,1
DA:5,1
DA:6,1
DA:7,1
DA:8,1
DA:9,1
DA:10,1
DA:11,1
DA:12,1
DA:13,1
DA:14,1
DA:15,1
DA:16,1
DA:17,1
DA:18,1
DA:19,1
DA:20,1
DA:22,1
DA:23,0
DA:24,0
DA:25,0
DA:26,0
DA:27,0
DA:28,0
DA:29,0
DA:30,0
DA:31,0
DA:32,0
DA:33,0
DA:34,0
DA:35,0
DA:36,0
DA:37,18
DA:40,0
DA:41,0
DA:44,1
DA:45,0
DA:95,1
DA:102,10
DA:113,0
DA:119,0
LF:44
LH:25
BRDA:49,0,0,0
BRDA:49,0,1,0
BRDA:47,1,0,0
BRDA:47,1,1,0
BRDA:65,2,0,0
BRDA:65,2,1,0
BRDA:75,3,0,0
BRDA:75,3,1,0
BRF:8
BRH:0
end_of_record
TN:
SF:F:\xampp\htdocs\ReactProjects\infogain\JDA\scenario-webapp\scenariowebapp\src\components\common\SortableTable.tsx
FN:9,(anonymous_2)
FN:35,(anonymous_3)
FN:39,(anonymous_4)
FN:53,(anonymous_5)
FN:65,(anonymous_6)
FN:75,(anonymous_7)
FN:82,(anonymous_8)
FN:84,(anonymous_9)
FN:99,(anonymous_10)
FN:101,(anonymous_11)
FN:102,(anonymous_12)
FN:109,(anonymous_13)
FN:119,(anonymous_14)
FN:128,(anonymous_15)
FNF:14
FNH:7
FNDA:1,(anonymous_2)
FNDA:0,(anonymous_3)
FNDA:0,(anonymous_4)
FNDA:0,(anonymous_5)
FNDA:0,(anonymous_6)
FNDA:2,(anonymous_7)
FNDA:1,(anonymous_8)
FNDA:10,(anonymous_9)
FNDA:1,(anonymous_10)
FNDA:1,(anonymous_11)
FNDA:1,(anonymous_12)
FNDA:0,(anonymous_13)
FNDA:0,(anonymous_14)
FNDA:0,(anonymous_15)
DA:1,1
DA:2,1
DA:3,1
DA:4,1
DA:5,1
DA:6,1
DA:7,1
DA:8,1
DA:9,1
DA:10,1
DA:23,1
DA:38,0
DA:39,0
DA:56,0
DA:65,0
DA:75,1
DA:76,2
DA:77,2
DA:78,2
DA:79,2
DA:80,2
DA:82,2
DA:83,1
DA:84,1
DA:85,10
DA:96,1
DA:99,2
DA:100,1
DA:101,1
DA:103,1
DA:104,0
DA:106,1
DA:109,0
DA:112,2
DA:119,0
DA:128,0
LF:36
LH:28
BRDA:103,0,0,0
BRDA:103,0,1,1
BRDA:103,1,0,1
BRDA:103,1,1,1
BRDA:133,2,0,0
BRDA:133,2,1,0
BRDA:130,3,0,0
BRDA:130,3,1,0
BRDA:130,3,2,0
BRDA:138,4,0,2
BRDA:138,4,1,2
BRDA:138,4,2,2
BRDA:138,4,3,0
BRF:13
BRH:6
end_of_record
